<?xml version="1.0" encoding="UTF-8"?>
<!-- Generated by org.testng.reporters.JUnitXMLReporter -->
<testsuite ignored="10" hostname="Tavtejs-MacBook-Air.local" failures="1" tests="1" name="bodmasTest" time="6.451" errors="0" timestamp="2023-03-05T16:59:59 EST">
  <testcase classname="calculatorTests.BasicOperations" name="bodmasTest" time="0.718">
    <failure type="java.lang.AssertionError" message="Value mismatch test failed expected [15] but found [24]">
      <![CDATA[java.lang.AssertionError: Value mismatch test failed expected [15] but found [24]
at calculatorTests.BasicOperations.bodmasTest(BasicOperations.java:138)
at java.base/java.util.ArrayList.forEach(ArrayList.java:1511)
... Removed 32 stack frames]]>
    </failure>
  </testcase> <!-- bodmasTest -->
  <testcase classname="calculatorTests.BasicOperations" name="subtractionTest" time="0.0">
    <ignored/>
  </testcase> <!-- subtractionTest -->
  <testcase classname="calculatorTests.BasicOperations" name="divisionTest" time="0.0">
    <ignored/>
  </testcase> <!-- divisionTest -->
  <testcase classname="calculatorTests.BasicOperations" name="negativeValueMulTest" time="0.0">
    <ignored/>
  </testcase> <!-- negativeValueMulTest -->
  <testcase classname="calculatorTests.BasicOperations" name="decimalValueTest" time="0.0">
    <ignored/>
  </testcase> <!-- decimalValueTest -->
  <testcase classname="calculatorTests.BasicOperations" name="deleteTest" time="0.0">
    <ignored/>
  </testcase> <!-- deleteTest -->
  <testcase classname="calculatorTests.BasicOperations" name="multiplicationTest" time="0.0">
    <ignored/>
  </testcase> <!-- multiplicationTest -->
  <testcase classname="calculatorTests.BasicOperations" name="infinityTest" time="0.0">
    <ignored/>
  </testcase> <!-- infinityTest -->
  <testcase classname="calculatorTests.BasicOperations" name="additionTest" time="0.0">
    <ignored/>
  </testcase> <!-- additionTest -->
  <testcase classname="calculatorTests.BasicOperations" name="errorAnalysisTest1" time="0.0">
    <ignored/>
  </testcase> <!-- errorAnalysisTest1 -->
  <testcase classname="calculatorTests.BasicOperations" name="readInputDisplay" time="0.0">
    <ignored/>
  </testcase> <!-- readInputDisplay -->
</testsuite> <!-- bodmasTest -->
