<?xml version="1.0" encoding="UTF-8"?>
<!-- Generated by org.testng.reporters.JUnitXMLReporter -->
<testsuite ignored="5" hostname="Tavtejs-MacBook-Air.local" failures="1" tests="4" name="calculatorTests" time="26.871" errors="0" timestamp="2023-03-05T15:04:35 EST">
  <testcase classname="calculatorTests.BasicOperations" name="additionTest" time="0.543"/>
  <testcase classname="calculatorTests.BasicOperations" name="bodmasTest" time="0.72">
    <failure type="java.lang.AssertionError" message="Value mismatch test failed expected [15] but found [24]">
      <![CDATA[java.lang.AssertionError: Value mismatch test failed expected [15] but found [24]
at calculatorTests.BasicOperations.bodmasTest(BasicOperations.java:127)
at java.base/java.util.ArrayList.forEach(ArrayList.java:1511)
... Removed 32 stack frames]]>
    </failure>
  </testcase> <!-- bodmasTest -->
  <testcase classname="calculatorTests.BasicOperations" name="decimalValueTest" time="0.474"/>
  <testcase classname="calculatorTests.BasicOperations" name="multiplicationTest" time="0.463"/>
  <testcase classname="calculatorTests.BasicOperations" name="subtractionTest" time="0.0">
    <ignored/>
  </testcase> <!-- subtractionTest -->
  <testcase classname="calculatorTests.BasicOperations" name="divisionTest" time="0.0">
    <ignored/>
  </testcase> <!-- divisionTest -->
  <testcase classname="calculatorTests.BasicOperations" name="deleteTest" time="0.0">
    <ignored/>
  </testcase> <!-- deleteTest -->
  <testcase classname="calculatorTests.BasicOperations" name="infinityTest" time="0.0">
    <ignored/>
  </testcase> <!-- infinityTest -->
  <testcase classname="calculatorTests.BasicOperations" name="errorAnalysisTest1" time="0.0">
    <ignored/>
  </testcase> <!-- errorAnalysisTest1 -->
</testsuite> <!-- calculatorTests -->
